Build started 2017/6/13 21:38:38.
     1>Project "d:\documents\visual studio 2013\Projects\MSGBUS\MSGBUS\MSGBUS.vcxproj" on node 2 (Build target(s)).
     1>ClCompile:
         D:\visual studio 2013\VC\bin\CL.exe /c /ZI /nologo /W3 /WX- /sdl /Od /Oy- /D WIN32 /D _WINDOWS /D _DEBUG /D _USRDLL /D _MERGE_PROXYSTUB /D _WINDLL /D _UNICODE /D UNICODE /Gm /EHsc /RTC1 /MDd /GS /fp:precise /Zc:wchar_t /Zc:forScope /Yu"stdafx.h" /Fp"Debug\MSGBUS.pch" /Fo"Debug\\" /Fd"Debug\vc120.pdb" /Gd /TP /analyze- /errorReport:prompt MSGBUS.cpp
         MSGBUS.cpp
     1>d:\documents\visual studio 2013\projects\msgbus\msgbus\msgbus.cpp(112): warning C4101: 'str' : unreferenced local variable
       Link:
         D:\visual studio 2013\VC\bin\link.exe /ERRORREPORT:PROMPT /OUT:"d:\documents\visual studio 2013\Projects\MSGBUS\Debug\MSGBUS.dll" /INCREMENTAL /NOLOGO comsvcs.lib kernel32.lib user32.lib gdi32.lib winspool.lib comdlg32.lib advapi32.lib shell32.lib ole32.lib oleaut32.lib uuid.lib odbc32.lib odbccp32.lib /DEF:".\MSGBUS.def" /MANIFEST /MANIFESTUAC:"level='asInvoker' uiAccess='false'" /manifest:embed /DEBUG /PDB:"d:\documents\visual studio 2013\Projects\MSGBUS\Debug\MSGBUS.pdb" /SUBSYSTEM:WINDOWS /TLBID:1 /DYNAMICBASE /NXCOMPAT /MACHINE:X86 /DLL Debug\MSGBUS.res
         Debug\compreg.obj
         Debug\dllmain.obj
         Debug\MSGBUS.obj
         Debug\MSGBUS_i.obj
         Debug\stdafx.obj
         Debug\xdlldata.obj
            Creating library d:\documents\visual studio 2013\Projects\MSGBUS\Debug\MSGBUS.lib and object d:\documents\visual studio 2013\Projects\MSGBUS\Debug\MSGBUS.exp
         MSGBUS.vcxproj -> d:\documents\visual studio 2013\Projects\MSGBUS\Debug\MSGBUS.dll
       RegisterOutput:
         regsvr32 /s "d:\documents\visual studio 2013\Projects\MSGBUS\Debug\MSGBUS.dll"
     1>C:\Program Files (x86)\MSBuild\Microsoft.Cpp\v4.0\V120\Microsoft.CppCommon.targets(1608,5): warning MSB3075: The command "regsvr32 /s "d:\documents\visual studio 2013\Projects\MSGBUS\Debug\MSGBUS.dll"" exited with code 5. Please verify that you have sufficient rights to run this command.
     1>C:\Program Files (x86)\MSBuild\Microsoft.Cpp\v4.0\V120\Microsoft.CppCommon.targets(1620,5): error MSB8011: Failed to register output. Please try enabling Per-user Redirection or register the component from a command prompt with elevated permissions.
     1>Done Building Project "d:\documents\visual studio 2013\Projects\MSGBUS\MSGBUS\MSGBUS.vcxproj" (Build target(s)) -- FAILED.

Build FAILED.

Time Elapsed 00:00:01.75
